<?xml version="1.0" encoding="UTF-8"?>
<!-- Generated by org.testng.reporters.JUnitReportReporter -->
<testsuite hostname="Abdelatifs-MacBook-Pro.local" failures="0" tests="1" name="com.qacart.todo.testcases.LoginTest" time="27.352" errors="0" timestamp="2023-11-26T22:14:06 PST" skipped="0">
  <testcase classname="com.qacart.todo.testcases.LoginTest" name="shouldBeAbleToLoginWithEmailAndPassword" time="27.352"/>
  <system-out/>
</testsuite> <!-- com.qacart.todo.testcases.LoginTest -->
