<?xml version="1.0" encoding="UTF-8"?>
<!-- Generated by org.testng.reporters.JUnitReportReporter -->
<testsuite hostname="Abdelatifs-MacBook-Pro.local" failures="0" tests="2" name="com.qacart.todo.testcases.TodoTest" time="83.384" errors="0" timestamp="2023-11-26T22:14:06 PST" skipped="0">
  <testcase classname="com.qacart.todo.testcases.TodoTest" name="shouldBeAbleToDeleteTodo" time="41.942"/>
  <system-out/>
  <testcase classname="com.qacart.todo.testcases.TodoTest" name="shouldBeAbleToAddNewTodo" time="41.442"/>
  <system-out/>
</testsuite> <!-- com.qacart.todo.testcases.TodoTest -->
